[01-Apr-2025 18:21:46 UTC] PHP Warning:  Undefined variable $parent_theme_name in /workspaces/UX221Assignment4/.wordpress/wp-content/mu-plugins/one-click-child-theme/templates/create_child_form.php on line 18
[01-Apr-2025 18:59:44 UTC] PHP Fatal error:  Out of memory (allocated 33554432) (tried to allocate 2097152 bytes) in /workspaces/UX221Assignment4/.wordpress/wp-content/plugins/ecommerce-product-catalog/templates/themes/theme-classic-grid.php on line 21
[01-Apr-2025 18:59:44 UTC] PHP Fatal error:  Uncaught Error: Call to undefined function ic_products_count() in /workspaces/UX221Assignment4/.wordpress/wp-content/plugins/ecommerce-product-catalog/includes/tracking.php:117
Stack trace:
#0 /workspaces/UX221Assignment4/.wordpress/wp-content/plugins/ecommerce-product-catalog/includes/tracking.php(551): IC_EPC_Tracking->setup_data()
#1 /workspaces/UX221Assignment4/.wordpress/wp-content/plugins/ecommerce-product-catalog/includes/tracking.php(481): IC_EPC_Tracking->send_paused_checkin(Array, true)
#2 [internal function]: IC_EPC_Tracking->fatal()
#3 {main}
  thrown in /workspaces/UX221Assignment4/.wordpress/wp-content/plugins/ecommerce-product-catalog/includes/tracking.php on line 117
[01-Apr-2025 18:59:47 UTC] PHP Fatal error:  Out of memory (allocated 31457280) (tried to allocate 2097152 bytes) in /workspaces/UX221Assignment4/.wordpress/wp-content/plugins/ecommerce-product-catalog/templates/themes/theme-default.php on line 225
[01-Apr-2025 18:59:47 UTC] PHP Fatal error:  Uncaught Error: Call to undefined function ic_products_count() in /workspaces/UX221Assignment4/.wordpress/wp-content/plugins/ecommerce-product-catalog/includes/tracking.php:117
Stack trace:
#0 /workspaces/UX221Assignment4/.wordpress/wp-content/plugins/ecommerce-product-catalog/includes/tracking.php(551): IC_EPC_Tracking->setup_data()
#1 /workspaces/UX221Assignment4/.wordpress/wp-content/plugins/ecommerce-product-catalog/includes/tracking.php(481): IC_EPC_Tracking->send_paused_checkin(Array, true)
#2 [internal function]: IC_EPC_Tracking->fatal()
#3 {main}
  thrown in /workspaces/UX221Assignment4/.wordpress/wp-content/plugins/ecommerce-product-catalog/includes/tracking.php on line 117
[01-Apr-2025 18:59:49 UTC] PHP Fatal error:  Out of memory (allocated 31457280) (tried to allocate 2097152 bytes) in /workspaces/UX221Assignment4/.wordpress/wp-content/plugins/ecommerce-product-catalog/templates/themes/theme-default.php on line 243
[01-Apr-2025 18:59:49 UTC] PHP Fatal error:  Uncaught Error: Call to undefined function ic_products_count() in /workspaces/UX221Assignment4/.wordpress/wp-content/plugins/ecommerce-product-catalog/includes/tracking.php:117
Stack trace:
#0 /workspaces/UX221Assignment4/.wordpress/wp-content/plugins/ecommerce-product-catalog/includes/tracking.php(551): IC_EPC_Tracking->setup_data()
#1 /workspaces/UX221Assignment4/.wordpress/wp-content/plugins/ecommerce-product-catalog/includes/tracking.php(481): IC_EPC_Tracking->send_paused_checkin(Array, true)
#2 [internal function]: IC_EPC_Tracking->fatal()
#3 {main}
  thrown in /workspaces/UX221Assignment4/.wordpress/wp-content/plugins/ecommerce-product-catalog/includes/tracking.php on line 117
[01-Apr-2025 18:59:56 UTC] PHP Fatal error:  Out of memory (allocated 29360128) (tried to allocate 2097152 bytes) in /workspaces/UX221Assignment4/.wordpress/wp-content/plugins/ecommerce-product-catalog/templates/themes/theme-default.php on line 243
[01-Apr-2025 18:59:56 UTC] PHP Fatal error:  Uncaught Error: Call to undefined function ic_products_count() in /workspaces/UX221Assignment4/.wordpress/wp-content/plugins/ecommerce-product-catalog/includes/tracking.php:117
Stack trace:
#0 /workspaces/UX221Assignment4/.wordpress/wp-content/plugins/ecommerce-product-catalog/includes/tracking.php(551): IC_EPC_Tracking->setup_data()
#1 /workspaces/UX221Assignment4/.wordpress/wp-content/plugins/ecommerce-product-catalog/includes/tracking.php(481): IC_EPC_Tracking->send_paused_checkin(Array, true)
#2 [internal function]: IC_EPC_Tracking->fatal()
#3 {main}
  thrown in /workspaces/UX221Assignment4/.wordpress/wp-content/plugins/ecommerce-product-catalog/includes/tracking.php on line 117
[01-Apr-2025 18:59:57 UTC] PHP Fatal error:  Out of memory (allocated 29360128) (tried to allocate 2097152 bytes) in /workspaces/UX221Assignment4/.wordpress/wp-content/plugins/ecommerce-product-catalog/templates/themes/theme-default.php on line 225
[01-Apr-2025 18:59:57 UTC] PHP Fatal error:  Uncaught Error: Call to undefined function ic_products_count() in /workspaces/UX221Assignment4/.wordpress/wp-content/plugins/ecommerce-product-catalog/includes/tracking.php:117
Stack trace:
#0 /workspaces/UX221Assignment4/.wordpress/wp-content/plugins/ecommerce-product-catalog/includes/tracking.php(551): IC_EPC_Tracking->setup_data()
#1 /workspaces/UX221Assignment4/.wordpress/wp-content/plugins/ecommerce-product-catalog/includes/tracking.php(481): IC_EPC_Tracking->send_paused_checkin(Array, true)
#2 [internal function]: IC_EPC_Tracking->fatal()
#3 {main}
  thrown in /workspaces/UX221Assignment4/.wordpress/wp-content/plugins/ecommerce-product-catalog/includes/tracking.php on line 117
[01-Apr-2025 19:00:03 UTC] PHP Fatal error:  Out of memory (allocated 29360128) (tried to allocate 2097152 bytes) in /workspaces/UX221Assignment4/.wordpress/wp-content/plugins/ecommerce-product-catalog/templates/themes/theme-default.php on line 239
[01-Apr-2025 19:00:03 UTC] PHP Fatal error:  Uncaught Error: Call to undefined function ic_products_count() in /workspaces/UX221Assignment4/.wordpress/wp-content/plugins/ecommerce-product-catalog/includes/tracking.php:117
Stack trace:
#0 /workspaces/UX221Assignment4/.wordpress/wp-content/plugins/ecommerce-product-catalog/includes/tracking.php(551): IC_EPC_Tracking->setup_data()
#1 /workspaces/UX221Assignment4/.wordpress/wp-content/plugins/ecommerce-product-catalog/includes/tracking.php(481): IC_EPC_Tracking->send_paused_checkin(Array, true)
#2 [internal function]: IC_EPC_Tracking->fatal()
#3 {main}
  thrown in /workspaces/UX221Assignment4/.wordpress/wp-content/plugins/ecommerce-product-catalog/includes/tracking.php on line 117
[01-Apr-2025 19:00:04 UTC] PHP Fatal error:  Out of memory (allocated 29360128) (tried to allocate 2097152 bytes) in /workspaces/UX221Assignment4/.wordpress/wp-content/plugins/ecommerce-product-catalog/templates/themes/theme-classic-grid.php on line 21
[01-Apr-2025 19:00:04 UTC] PHP Fatal error:  Uncaught Error: Call to undefined function ic_products_count() in /workspaces/UX221Assignment4/.wordpress/wp-content/plugins/ecommerce-product-catalog/includes/tracking.php:117
Stack trace:
#0 /workspaces/UX221Assignment4/.wordpress/wp-content/plugins/ecommerce-product-catalog/includes/tracking.php(551): IC_EPC_Tracking->setup_data()
#1 /workspaces/UX221Assignment4/.wordpress/wp-content/plugins/ecommerce-product-catalog/includes/tracking.php(481): IC_EPC_Tracking->send_paused_checkin(Array, true)
#2 [internal function]: IC_EPC_Tracking->fatal()
#3 {main}
  thrown in /workspaces/UX221Assignment4/.wordpress/wp-content/plugins/ecommerce-product-catalog/includes/tracking.php on line 117
[01-Apr-2025 19:00:07 UTC] PHP Fatal error:  Out of memory (allocated 29360128) (tried to allocate 2097152 bytes) in /workspaces/UX221Assignment4/.wordpress/wp-content/plugins/ecommerce-product-catalog/templates/themes/theme-default.php on line 225
[01-Apr-2025 19:00:07 UTC] PHP Fatal error:  Uncaught Error: Call to undefined function ic_products_count() in /workspaces/UX221Assignment4/.wordpress/wp-content/plugins/ecommerce-product-catalog/includes/tracking.php:117
Stack trace:
#0 /workspaces/UX221Assignment4/.wordpress/wp-content/plugins/ecommerce-product-catalog/includes/tracking.php(551): IC_EPC_Tracking->setup_data()
#1 /workspaces/UX221Assignment4/.wordpress/wp-content/plugins/ecommerce-product-catalog/includes/tracking.php(481): IC_EPC_Tracking->send_paused_checkin(Array, true)
#2 [internal function]: IC_EPC_Tracking->fatal()
#3 {main}
  thrown in /workspaces/UX221Assignment4/.wordpress/wp-content/plugins/ecommerce-product-catalog/includes/tracking.php on line 117
[01-Apr-2025 19:00:18 UTC] PHP Fatal error:  Out of memory (allocated 29360128) (tried to allocate 2097152 bytes) in /workspaces/UX221Assignment4/.wordpress/wp-content/plugins/ecommerce-product-catalog/templates/themes/theme-default.php on line 225
[01-Apr-2025 19:00:18 UTC] PHP Fatal error:  Uncaught Error: Call to undefined function ic_products_count() in /workspaces/UX221Assignment4/.wordpress/wp-content/plugins/ecommerce-product-catalog/includes/tracking.php:117
Stack trace:
#0 /workspaces/UX221Assignment4/.wordpress/wp-content/plugins/ecommerce-product-catalog/includes/tracking.php(551): IC_EPC_Tracking->setup_data()
#1 /workspaces/UX221Assignment4/.wordpress/wp-content/plugins/ecommerce-product-catalog/includes/tracking.php(481): IC_EPC_Tracking->send_paused_checkin(Array, true)
#2 [internal function]: IC_EPC_Tracking->fatal()
#3 {main}
  thrown in /workspaces/UX221Assignment4/.wordpress/wp-content/plugins/ecommerce-product-catalog/includes/tracking.php on line 117
[01-Apr-2025 19:00:25 UTC] PHP Fatal error:  Out of memory (allocated 29360128) (tried to allocate 2097152 bytes) in /workspaces/UX221Assignment4/.wordpress/wp-content/plugins/ecommerce-product-catalog/templates/themes/theme-classic-grid.php on line 21
[01-Apr-2025 19:00:25 UTC] PHP Fatal error:  Uncaught Error: Call to undefined function ic_products_count() in /workspaces/UX221Assignment4/.wordpress/wp-content/plugins/ecommerce-product-catalog/includes/tracking.php:117
Stack trace:
#0 /workspaces/UX221Assignment4/.wordpress/wp-content/plugins/ecommerce-product-catalog/includes/tracking.php(551): IC_EPC_Tracking->setup_data()
#1 /workspaces/UX221Assignment4/.wordpress/wp-content/plugins/ecommerce-product-catalog/includes/tracking.php(481): IC_EPC_Tracking->send_paused_checkin(Array, true)
#2 [internal function]: IC_EPC_Tracking->fatal()
#3 {main}
  thrown in /workspaces/UX221Assignment4/.wordpress/wp-content/plugins/ecommerce-product-catalog/includes/tracking.php on line 117
[01-Apr-2025 19:02:19 UTC] PHP Fatal error:  Out of memory (allocated 29360128) (tried to allocate 2097152 bytes) in /workspaces/UX221Assignment4/.wordpress/wp-content/plugins/ecommerce-product-catalog/templates/themes/theme-default.php on line 225
[01-Apr-2025 19:02:19 UTC] PHP Fatal error:  Uncaught Error: Call to undefined function ic_products_count() in /workspaces/UX221Assignment4/.wordpress/wp-content/plugins/ecommerce-product-catalog/includes/tracking.php:117
Stack trace:
#0 /workspaces/UX221Assignment4/.wordpress/wp-content/plugins/ecommerce-product-catalog/includes/tracking.php(551): IC_EPC_Tracking->setup_data()
#1 /workspaces/UX221Assignment4/.wordpress/wp-content/plugins/ecommerce-product-catalog/includes/tracking.php(481): IC_EPC_Tracking->send_paused_checkin(Array, true)
#2 [internal function]: IC_EPC_Tracking->fatal()
#3 {main}
  thrown in /workspaces/UX221Assignment4/.wordpress/wp-content/plugins/ecommerce-product-catalog/includes/tracking.php on line 117
[01-Apr-2025 19:04:20 UTC] PHP Fatal error:  Out of memory (allocated 29360128) (tried to allocate 2097152 bytes) in /workspaces/UX221Assignment4/.wordpress/wp-content/plugins/ecommerce-product-catalog/templates/themes/theme-default.php on line 225
[01-Apr-2025 19:04:20 UTC] PHP Fatal error:  Uncaught Error: Call to undefined function ic_products_count() in /workspaces/UX221Assignment4/.wordpress/wp-content/plugins/ecommerce-product-catalog/includes/tracking.php:117
Stack trace:
#0 /workspaces/UX221Assignment4/.wordpress/wp-content/plugins/ecommerce-product-catalog/includes/tracking.php(551): IC_EPC_Tracking->setup_data()
#1 /workspaces/UX221Assignment4/.wordpress/wp-content/plugins/ecommerce-product-catalog/includes/tracking.php(481): IC_EPC_Tracking->send_paused_checkin(Array, true)
#2 [internal function]: IC_EPC_Tracking->fatal()
#3 {main}
  thrown in /workspaces/UX221Assignment4/.wordpress/wp-content/plugins/ecommerce-product-catalog/includes/tracking.php on line 117
[03-Apr-2025 20:52:53 UTC] PHP Fatal error:  Out of memory (allocated 35651584) (tried to allocate 155648 bytes) in /workspaces/UX221Assignment4/.wordpress/wp-admin/admin-ajax.php on line 39
[03-Apr-2025 20:53:03 UTC] PHP Fatal error:  Out of memory (allocated 33554432) (tried to allocate 2097152 bytes) in /workspaces/UX221Assignment4/.wordpress/wp-content/plugins/ecommerce-product-catalog/templates/themes/theme-default.php on line 213
[03-Apr-2025 20:53:03 UTC] PHP Fatal error:  Uncaught Error: Call to undefined function ic_products_count() in /workspaces/UX221Assignment4/.wordpress/wp-content/plugins/ecommerce-product-catalog/includes/tracking.php:117
Stack trace:
#0 /workspaces/UX221Assignment4/.wordpress/wp-content/plugins/ecommerce-product-catalog/includes/tracking.php(551): IC_EPC_Tracking->setup_data()
#1 /workspaces/UX221Assignment4/.wordpress/wp-content/plugins/ecommerce-product-catalog/includes/tracking.php(481): IC_EPC_Tracking->send_paused_checkin(Array, true)
#2 [internal function]: IC_EPC_Tracking->fatal()
#3 {main}
  thrown in /workspaces/UX221Assignment4/.wordpress/wp-content/plugins/ecommerce-product-catalog/includes/tracking.php on line 117
